<?xml version="1.0" encoding="UTF-8"?>
<!-- Generated by org.testng.reporters.JUnitXMLReporter -->
<testsuite ignored="0" hostname="Igors-MacBook-Pro.local" failures="0" tests="2" name="Default test" time="32.806" errors="0" timestamp="2023-01-12T11:15:54 IST">
  <testcase classname="IgorsEclipseProjects.Appium.babyarkApp.Pages.BaseClass" name="@BeforeClass configureAppium" time="32.737">
    <failure type="org.openqa.selenium.SessionNotCreatedException" message="Could not start a new session. Response code 500. Message: An unknown server-side error occurred while processing the command. Original error: Cannot start the &amp;apos;com.babyark.app&amp;apos; application. Consider checking the driver&amp;apos;s troubleshooting documentation. Original error: Error executing adbExec. Original error: &amp;apos;Command &amp;apos;/Users/igorvainman/Library/Android/sdk/platform-tools/adb -P 5037 -s 9887fc3259565a3242 shell am start -W -n com.babyark.app/com.mobius.babyark.MainActivity -S -a android.intent.action.MAIN -c android.intent.category.LAUNCHER -f 0x10200000&amp;apos; timed out after 20000ms&amp;apos;. Try to increase the 20000ms adb execution timeout represented by &amp;apos;adbExecTimeout&amp;apos; capability 
Host info: host: &amp;apos;Igors-MacBook-Pro.local&amp;apos;, ip: &amp;apos;2a02:6680:110c:5c74:35b6:922b:4aac:66d4%en0&amp;apos;
Build info: version: &amp;apos;4.7.2&amp;apos;, revision: &amp;apos;4d4020c3b7&amp;apos;
System info: os.name: &amp;apos;Mac OS X&amp;apos;, os.arch: &amp;apos;x86_64&amp;apos;, os.version: &amp;apos;13.1&amp;apos;, java.version: &amp;apos;17.0.4&amp;apos;
Driver info: io.appium.java_client.android.AndroidDriver
Command: [null, newSession {capabilities=[{appium:autoGrantPermissions=true, appium:appActivity=com.mobius.babyark.MainActivity, appium:deviceName=Android Device, platformName=ANDROID, appium:automationName=UIAutomator2, appium:appPackage=com.babyark.app}], desiredCapabilities=Capabilities {appium:appActivity: com.mobius.babyark.MainActi..., appium:appPackage: com.babyark.app, appium:autoGrantPermissions: true, appium:automationName: UIAutomator2, appium:deviceName: Android Device, platformName: ANDROID}}]
Capabilities {}">
      <![CDATA[org.openqa.selenium.SessionNotCreatedException: Could not start a new session. Response code 500. Message: An unknown server-side error occurred while processing the command. Original error: Cannot start the 'com.babyark.app' application. Consider checking the driver's troubleshooting documentation. Original error: Error executing adbExec. Original error: 'Command '/Users/igorvainman/Library/Android/sdk/platform-tools/adb -P 5037 -s 9887fc3259565a3242 shell am start -W -n com.babyark.app/com.mobius.babyark.MainActivity -S -a android.intent.action.MAIN -c android.intent.category.LAUNCHER -f 0x10200000' timed out after 20000ms'. Try to increase the 20000ms adb execution timeout represented by 'adbExecTimeout' capability 
Host info: host: 'Igors-MacBook-Pro.local', ip: '2a02:6680:110c:5c74:35b6:922b:4aac:66d4%en0'
Build info: version: '4.7.2', revision: '4d4020c3b7'
System info: os.name: 'Mac OS X', os.arch: 'x86_64', os.version: '13.1', java.version: '17.0.4'
Driver info: io.appium.java_client.android.AndroidDriver
Command: [null, newSession {capabilities=[{appium:autoGrantPermissions=true, appium:appActivity=com.mobius.babyark.MainActivity, appium:deviceName=Android Device, platformName=ANDROID, appium:automationName=UIAutomator2, appium:appPackage=com.babyark.app}], desiredCapabilities=Capabilities {appium:appActivity: com.mobius.babyark.MainActi..., appium:appPackage: com.babyark.app, appium:autoGrantPermissions: true, appium:automationName: UIAutomator2, appium:deviceName: Android Device, platformName: ANDROID}}]
Capabilities {}
at org.openqa.selenium.remote.ProtocolHandshake.createSession(ProtocolHandshake.java:148)
at java.base/jdk.internal.reflect.NativeMethodAccessorImpl.invoke0(Native Method)
at java.base/jdk.internal.reflect.NativeMethodAccessorImpl.invoke(NativeMethodAccessorImpl.java:77)
at java.base/jdk.internal.reflect.DelegatingMethodAccessorImpl.invoke(DelegatingMethodAccessorImpl.java:43)
at java.base/java.lang.reflect.Method.invoke(Method.java:568)
at io.appium.java_client.remote.AppiumProtocolHandshake.createSession(AppiumProtocolHandshake.java:133)
at io.appium.java_client.remote.AppiumProtocolHandshake.createSession(AppiumProtocolHandshake.java:102)
at io.appium.java_client.remote.AppiumCommandExecutor.createSession(AppiumCommandExecutor.java:194)
at io.appium.java_client.remote.AppiumCommandExecutor.execute(AppiumCommandExecutor.java:262)
at org.openqa.selenium.remote.RemoteWebDriver.execute(RemoteWebDriver.java:535)
at io.appium.java_client.AppiumDriver.startSession(AppiumDriver.java:229)
at org.openqa.selenium.remote.RemoteWebDriver.<init>(RemoteWebDriver.java:156)
at io.appium.java_client.AppiumDriver.<init>(AppiumDriver.java:80)
at io.appium.java_client.AppiumDriver.<init>(AppiumDriver.java:92)
at io.appium.java_client.android.AndroidDriver.<init>(AndroidDriver.java:117)
at IgorsEclipseProjects.Appium.babyarkApp.Pages.BaseClass.configureAndroidDriver(BaseClass.java:50)
at IgorsEclipseProjects.Appium.babyarkApp.Pages.BaseClass.configureAppium(BaseClass.java:34)
at java.base/jdk.internal.reflect.NativeMethodAccessorImpl.invoke0(Native Method)
at java.base/jdk.internal.reflect.NativeMethodAccessorImpl.invoke(NativeMethodAccessorImpl.java:77)
at java.base/jdk.internal.reflect.DelegatingMethodAccessorImpl.invoke(DelegatingMethodAccessorImpl.java:43)
at java.base/java.lang.reflect.Method.invoke(Method.java:568)
at org.testng.internal.MethodInvocationHelper.invokeMethod(MethodInvocationHelper.java:133)
at org.testng.internal.MethodInvocationHelper.invokeMethodConsideringTimeout(MethodInvocationHelper.java:62)
at org.testng.internal.ConfigInvoker.invokeConfigurationMethod(ConfigInvoker.java:385)
at org.testng.internal.ConfigInvoker.invokeConfigurations(ConfigInvoker.java:321)
at org.testng.internal.TestMethodWorker.invokeBeforeClassMethods(TestMethodWorker.java:176)
at org.testng.internal.TestMethodWorker.run(TestMethodWorker.java:122)
at java.base/java.util.ArrayList.forEach(ArrayList.java:1511)
at org.testng.TestRunner.privateRun(TestRunner.java:794)
at org.testng.TestRunner.run(TestRunner.java:596)
at org.testng.SuiteRunner.runTest(SuiteRunner.java:377)
at org.testng.SuiteRunner.runSequentially(SuiteRunner.java:371)
at org.testng.SuiteRunner.privateRun(SuiteRunner.java:332)
at org.testng.SuiteRunner.run(SuiteRunner.java:276)
at org.testng.SuiteRunnerWorker.runSuite(SuiteRunnerWorker.java:53)
at org.testng.SuiteRunnerWorker.run(SuiteRunnerWorker.java:96)
at org.testng.TestNG.runSuitesSequentially(TestNG.java:1212)
at org.testng.TestNG.runSuitesLocally(TestNG.java:1134)
at org.testng.TestNG.runSuites(TestNG.java:1063)
at org.testng.TestNG.run(TestNG.java:1031)
at org.testng.remote.AbstractRemoteTestNG.run(AbstractRemoteTestNG.java:115)
at org.testng.remote.RemoteTestNG.initAndRun(RemoteTestNG.java:251)
at org.testng.remote.RemoteTestNG.main(RemoteTestNG.java:77)
]]>
    </failure>
  </testcase> <!-- @BeforeClass configureAppium -->
  <testcase classname="IgorsEclipseProjects.Appium.babyarkApp.Pages.BaseClass" name="@AfterClass tearDown" time="-1.673514954233E9">
    <skipped/>
  </testcase> <!-- @AfterClass tearDown -->
  <testcase classname="IgorsEclipseProjects.Appium.babyarkApp.Pages.ByarkAppTests" name="LoginValid" time="0.0">
    <skipped/>
  </testcase> <!-- LoginValid -->
  <testcase classname="IgorsEclipseProjects.Appium.babyarkApp.Pages.ByarkAppTests" name="RegistrationValid" time="0.0">
    <skipped/>
  </testcase> <!-- RegistrationValid -->
</testsuite> <!-- Default test -->
